2026-06-23 18:14:07 [INFO] 🚀 AI Futures Trader v4 started
Balance: $29.79 USDT | Leverage 3x
Symbols (20): ADAUSDT, NEARUSDT, SEIUSDT, MATICUSDT, RENDERUSDT, SUIUSDT, JUPUSDT, BTCUSDT, PYTHUSDT, OPUSDT, BNBUSDT, TIAUSDT, BNXUSDT, ETHUSDT, DOGEUSDT, ATOMUSDT, ARBUSDT, LINKUSDT, WIFUSDT, FETUSDT
Send /help for commands.
2026-06-23 18:15:16 [INFO] Bot stopped. Session PnL $+0.00 | Final balance $29.79
2026-06-23 18:19:04 [INFO] 🚀 AI Futures Trader v4 started
Balance: $29.79 USDT | Leverage 3x
Symbols (20): INJUSDT, DOGEUSDT, ADAUSDT, FETUSDT, OPUSDT, ARBUSDT, STRKUSDT, PYTHUSDT, ATOMUSDT, LINKUSDT, ETHUSDT, NEARUSDT, WIFUSDT, SOLUSDT, DOTUSDT, BTCUSDT, 1000PEPEUSDT, SUIUSDT, TIAUSDT, TRXUSDT
Send /help for commands.
2026-06-23 18:21:11 [INFO] Bot stopped. Session PnL $+0.00 | Final balance $29.79
2026-06-23 19:01:41 [INFO] 🚀 AI Futures Trader v4 started
Balance: $29.79 USDT | Leverage 3x
Symbols (20): ADAUSDT, SUIUSDT, TRXUSDT, INJUSDT, TIAUSDT, BNBUSDT, AVAXUSDT, FETUSDT, ARBUSDT, RENDERUSDT, ETHUSDT, DOGEUSDT, LINKUSDT, ATOMUSDT, JUPUSDT, LTCUSDT, OPUSDT, WIFUSDT, DOTUSDT, STRKUSDT
Send /help for commands.
2026-06-23 19:01:58 [INFO] Bot stopped. Session PnL $+0.00 | Final balance $29.79
2026-06-23 19:02:20 [INFO] 🚀 AI Futures Trader v4 started
Balance: $29.79 USDT | Leverage 3x
Symbols (20): DOGEUSDT, RENDERUSDT, BNBUSDT, SEIUSDT, ETHUSDT, SOLUSDT, ATOMUSDT, NEARUSDT, LINKUSDT, 1000PEPEUSDT, BTCUSDT, BNXUSDT, LTCUSDT, PYTHUSDT, INJUSDT, SUIUSDT, FETUSDT, XRPUSDT, WIFUSDT, TIAUSDT
Send /help for commands.
2026-06-23 19:29:07 [INFO] Bot stopped. Session PnL $+0.00 | Final balance $29.79
2026-06-29 17:50:47 [ERROR] ❌ Binance API check failed at startup.
2026-06-29 17:53:23 [ERROR] ❌ Binance API check failed at startup.
2026-06-29 17:56:35 [INFO] 🚀 AI Futures Trader v5 started
Balance: $26.67 USDT | Leverage 3x
Symbols (20): POLUSDT, OPUSDT, ATOMUSDT, XRPUSDT, STRKUSDT, WIFUSDT, SOLUSDT, ARBUSDT, BTCUSDT, TRXUSDT, LINKUSDT, BNBUSDT, 1000PEPEUSDT, APTUSDT, RENDERUSDT, LTCUSDT, SEIUSDT, INJUSDT, AVAXUSDT, DOTUSDT
Send /help for commands.
2026-06-29 17:59:41 [SIGNAL] 🟢 SOLUSDT: HOLD → BUY  @ $73.2500
2026-06-29 19:01:47 [SIGNAL] ⚪ SOLUSDT: BUY → HOLD (ema)  @ $72.2800
2026-06-29 19:06:46 [SIGNAL] 🟢 SOLUSDT: HOLD → BUY  @ $73.1300
2026-06-29 19:11:22 [SIGNAL] 🟢 ARBUSDT: HOLD → BUY  @ $0.0768
2026-06-29 19:22:31 [SIGNAL] ⚪ ARBUSDT: BUY → HOLD (vol)  @ $0.0770
2026-06-29 19:56:58 [SIGNAL] 🟢 SOLUSDT: HOLD → BUY  @ $73.4600
2026-06-29 20:45:44 [SIGNAL] 🔴 RENDERUSDT: HOLD → SHORT  @ $1.5500
2026-06-29 20:47:25 [SIGNAL] ⚪ SOLUSDT: BUY → HOLD (macd)  @ $73.1500
2026-06-29 20:51:45 [SIGNAL] ⚪ RENDERUSDT: SHORT → HOLD (vol)  @ $1.5490
2026-06-29 21:56:36 [INFO] 🔀 Symbol reshuffle
+['TIAUSDT', 'FETUSDT', 'NEARUSDT', 'ETHUSDT', 'SUIUSDT', 'PYTHUSDT', 'ADAUSDT', 'DOGEUSDT']
-['POLUSDT', 'OPUSDT', 'XRPUSDT', 'STRKUSDT', 'SOLUSDT', 'BNBUSDT', '1000PEPEUSDT', 'SEIUSDT']
2026-06-29 21:58:31 [SIGNAL] 🟢 TIAUSDT: HOLD → BUY  @ $0.4008
2026-06-29 22:07:02 [INFO] Bot stopped. Session PnL $+0.00 | Final balance $26.47
2026-06-29 22:14:22 [INFO] 🚀 AI Futures Trader v5 started
Balance: $26.47 USDT | Leverage 3x
Symbols (20): NEARUSDT, INJUSDT, FETUSDT, SEIUSDT, ATOMUSDT, OPUSDT, ETHUSDT, ADAUSDT, BTCUSDT, BNBUSDT, WIFUSDT, DOGEUSDT, TRXUSDT, STRKUSDT, TIAUSDT, XRPUSDT, ARBUSDT, JUPUSDT, LINKUSDT, POLUSDT
Send /help for commands.
2026-06-29 22:14:31 [INFO] Bot stopped. Session PnL $+0.00 | Final balance $26.47
2026-06-30 08:34:18 [INFO] 🚀 AI Futures Trader v5.1 started
Balance: $26.42 USDT | Leverage 5x
Symbols (10): OPUSDT, INJUSDT, SEIUSDT, ADAUSDT, BTCUSDT, 1000PEPEUSDT, LINKUSDT, RENDERUSDT, AVAXUSDT, SUIUSDT
AI-integrated trading active.
2026-06-30 08:43:31 [WARN] Telegram API sendMessage returned 400
2026-06-30 08:47:04 [INFO] 🚀 AI Futures Trader v5.1 started
Balance: $26.42 USDT | Leverage 5x
Symbols (10): ADAUSDT, TRXUSDT, INJUSDT, TIAUSDT, OPUSDT, DOTUSDT, RENDERUSDT, POLUSDT, NEARUSDT, WIFUSDT
AI-integrated trading active.
