2026-06-23 11:10:05 [INFO] 🚀 AI Futures Trader v4 started
Balance: $29.79 USDT | Leverage 3x
Symbols (20): DOTUSDT, FETUSDT, AVAXUSDT, TIAUSDT, TRXUSDT, BTCUSDT, ADAUSDT, INJUSDT, BNBUSDT, SOLUSDT, MATICUSDT, NEARUSDT, LTCUSDT, SEIUSDT, ATOMUSDT, DOGEUSDT, ARBUSDT, PYTHUSDT, BNXUSDT, WIFUSDT
Send /help for commands.
2026-06-23 11:24:38 [INFO] 🚀 AI Futures Trader v4 started
Balance: $29.79 USDT | Leverage 3x
Symbols (20): DOGEUSDT, ADAUSDT, PYTHUSDT, ARBUSDT, SOLUSDT, WIFUSDT, JUPUSDT, APTUSDT, SEIUSDT, ETHUSDT, POLUSDT, TRXUSDT, LTCUSDT, DOTUSDT, BNBUSDT, OPUSDT, NEARUSDT, AVAXUSDT, LINKUSDT, STRKUSDT
Send /help for commands.
2026-06-23 11:32:10 [INFO] 🚀 AI Futures Trader v4 started
Balance: $29.79 USDT | Leverage 3x
Symbols (20): XRPUSDT, BNBUSDT, DOTUSDT, OPUSDT, JUPUSDT, ADAUSDT, RENDERUSDT, PYTHUSDT, FETUSDT, NEARUSDT, POLUSDT, APTUSDT, TRXUSDT, TIAUSDT, DOGEUSDT, AVAXUSDT, 1000PEPEUSDT, BTCUSDT, SOLUSDT, ARBUSDT
Send /help for commands.
<<<<<<< HEAD
2026-06-23 12:57:57 [INFO] 🚀 AI Futures Trader v4 started
Balance: $29.79 USDT | Leverage 3x
Symbols (20): SOLUSDT, FETUSDT, 1000PEPEUSDT, JUPUSDT, DOTUSDT, ETHUSDT, TIAUSDT, AVAXUSDT, APTUSDT, INJUSDT, NEARUSDT, ARBUSDT, BNBUSDT, TRXUSDT, SUIUSDT, DOGEUSDT, BTCUSDT, LTCUSDT, LINKUSDT, OPUSDT
Send /help for commands.
2026-06-24 05:48:10 [INFO] 🚀 AI Futures Trader v4 started
Balance: $29.48 USDT | Leverage 3x
Symbols (20): LTCUSDT, ARBUSDT, APTUSDT, LINKUSDT, SUIUSDT, SEIUSDT, 1000PEPEUSDT, SOLUSDT, RENDERUSDT, STRKUSDT, AVAXUSDT, ETHUSDT, TRXUSDT, NEARUSDT, FETUSDT, DOGEUSDT, XRPUSDT, JUPUSDT, DOTUSDT, ATOMUSDT
Send /help for commands.
2026-06-24 05:51:43 [INFO] 🚀 AI Futures Trader v4 started
Balance: $29.48 USDT | Leverage 3x
Symbols (20): LINKUSDT, TRXUSDT, SOLUSDT, ATOMUSDT, OPUSDT, LTCUSDT, WIFUSDT, SEIUSDT, AVAXUSDT, INJUSDT, NEARUSDT, TIAUSDT, APTUSDT, 1000PEPEUSDT, PYTHUSDT, XRPUSDT, FETUSDT, BTCUSDT, POLUSDT, STRKUSDT
Send /help for commands.
2026-06-24 06:01:04 [INFO] 🚀 AI Futures Trader v4 started
Balance: $29.48 USDT | Leverage 3x
Symbols (20): OPUSDT, LINKUSDT, XRPUSDT, TRXUSDT, POLUSDT, DOGEUSDT, BNBUSDT, ATOMUSDT, RENDERUSDT, LTCUSDT, SOLUSDT, ADAUSDT, TIAUSDT, JUPUSDT, ARBUSDT, PYTHUSDT, STRKUSDT, NEARUSDT, INJUSDT, AVAXUSDT
Send /help for commands.
2026-06-24 06:12:00 [INFO] 🚀 AI Futures Trader v4 started
Balance: $29.48 USDT | Leverage 3x
Symbols (20): AVAXUSDT, JUPUSDT, ETHUSDT, ATOMUSDT, STRKUSDT, 1000PEPEUSDT, SUIUSDT, APTUSDT, SOLUSDT, DOTUSDT, TRXUSDT, LINKUSDT, XRPUSDT, NEARUSDT, DOGEUSDT, POLUSDT, LTCUSDT, ADAUSDT, WIFUSDT, BNBUSDT
Send /help for commands.
=======
>>>>>>> 162b07b (push full code)
